[15:07:26] цель ID=4371f7b тип=ББ_БР с координатами X=9569024 Y=2347524 движется со скоростью 8276.3994 м/с
[15:07:28] цель ID=3867adb тип=ББ_БР с координатами X=2845972 Y=3975314 движется со скоростью 9090.5360 м/с в сторону СПРО
[15:07:28] цель ID=c68651b тип=ББ_БР с координатами X=5484196 Y=4250458 движется со скоростью 8133.7595 м/с
[15:07:29] цель ID=c74c72b тип=ББ_БР с координатами X=5906604 Y=7371684 движется со скоростью 9406.4165 м/с
[15:07:29] цель ID=17cbefb тип=ББ_БР с координатами X=4734597 Y=5467626 движется со скоростью 8482.5871 м/с
[15:08:10] цель ID=0ae712b тип=ББ_БР с координатами X=8221084 Y=1501324 движется со скоростью 9485.5684 м/с
[15:08:41] цель ID=193b9cb тип=ББ_БР с координатами X=6398864 Y=3238808 движется со скоростью 8464.3818 м/с
[15:08:42] цель ID=e29da4b тип=ББ_БР с координатами X=6101422 Y=2452950 движется со скоростью 9594.2433 м/с
[15:08:43] цель ID=d854ccb тип=ББ_БР с координатами X=6101354 Y=2744072 движется со скоростью 9497.5062 м/с
[15:08:50] цель ID=36600eb тип=ББ_БР с координатами X=6100527 Y=2460512 движется со скоростью 8139.5636 м/с
[15:09:01] цель ID=1e0c0eb тип=ББ_БР с координатами X=4789765 Y=4297825 движется со скоростью 8703.4150 м/с
[15:10:20] цель ID=b7ed62b тип=ББ_БР с координатами X=6882510 Y=1040441 движется со скоростью 9160.8177 м/с
[15:11:41] цель ID=be5e50b тип=ББ_БР с координатами X=8537323 Y=3661199 движется со скоростью 8083.6829 м/с
[15:12:16] цель ID=96e38eb тип=ББ_БР с координатами X=4040535 Y=6324840 движется со скоростью 9210.8888 м/с
[15:12:26] цель ID=1e812cb тип=ББ_БР с координатами X=4945880 Y=4645056 движется со скоростью 8758.8040 м/с
[15:12:46] цель ID=b3ef12b тип=ББ_БР с координатами X=5813717 Y=6585626 движется со скоростью 8578.5129 м/с
[15:12:58] цель ID=9175a7b тип=ББ_БР с координатами X=5470620 Y=6924430 движется со скоростью 8232.6892 м/с
[15:13:08] цель ID=fdee06b тип=ББ_БР с координатами X=6724654 Y=3745126 движется со скоростью 8834.4155 м/с
[15:13:08] цель ID=0a56eeb тип=ББ_БР с координатами X=5461455 Y=4177685 движется со скоростью 9302.7872 м/с
[15:14:57] цель ID=419213b тип=ББ_БР с координатами X=3265624 Y=6474652 движется со скоростью 8216.9106 м/с
[15:15:08] цель ID=b80ef6b тип=ББ_БР с координатами X=7426750 Y=3892750 движется со скоростью 9508.6832 м/с
[15:15:17] цель ID=59a393b тип=ББ_БР с координатами X=4317898 Y=3396753 движется со скоростью 8929.2976 м/с
[15:15:19] цель ID=eca930b тип=ББ_БР с координатами X=4846052 Y=5490030 движется со скоростью 9532.2604 м/с
[15:15:32] цель ID=21d2d4b тип=ББ_БР с координатами X=8358898 Y=1415465 движется со скоростью 8517.7831 м/с
[15:15:43] цель ID=753c9bb тип=ББ_БР с координатами X=5486692 Y=7263800 движется со скоростью 9741.4432 м/с
[15:16:03] цель ID=4dd1c0b тип=ББ_БР с координатами X=6109105 Y=3594557 движется со скоростью 9840.1151 м/с
[15:17:09] цель ID=23553fb тип=ББ_БР с координатами X=3137880 Y=6340352 движется со скоростью 9582.1505 м/с
[15:17:21] цель ID=4190beb тип=ББ_БР с координатами X=8816368 Y=4146120 движется со скоростью 9572.1604 м/с
[15:17:46] цель ID=e7ea10b тип=ББ_БР с координатами X=4662494 Y=5053250 движется со скоростью 9404.5534 м/с
[15:18:32] цель ID=31e297b тип=ББ_БР с координатами X=2888239 Y=5045814 движется со скоростью 9257.9918 м/с в сторону СПРО
[15:19:20] цель ID=dc0972b тип=ББ_БР с координатами X=8854520 Y=2002668 движется со скоростью 9555.3277 м/с
[15:19:37] цель ID=783f84b тип=ББ_БР с координатами X=5881710 Y=4896426 движется со скоростью 9392.7773 м/с
[15:19:57] цель ID=9a1136b тип=ББ_БР с координатами X=5896256 Y=5401724 движется со скоростью 8597.9274 м/с
[15:21:01] цель ID=0d84e0b тип=ББ_БР с координатами X=4702669 Y=5289210 движется со скоростью 9877.8433 м/с в сторону СПРО
[15:21:03] цель ID=2a576ab тип=ББ_БР с координатами X=6922078 Y=1867830 движется со скоростью 9854.5519 м/с
[15:21:04] цель ID=166a50b тип=ББ_БР с координатами X=9035770 Y=3698585 движется со скоростью 9057.9360 м/с
[15:21:11] цель ID=bf3d16b тип=ББ_БР с координатами X=6082440 Y=5190300 движется со скоростью 8104.8007 м/с
[15:21:42] цель ID=468480b тип=ББ_БР с координатами X=2731200 Y=3452800 движется со скоростью 8421.4013 м/с
[15:21:47] СЛОМАЛАСЬ
[15:21:48] РАБОТОСПОСОБНОСТЬ ВОССТАНОВЛЕНА
[15:21:49] цель ID=f349d1r тип=ББ_БР с координатами X=7186080 Y=2434486 движется со скоростью 8491.5417 м/с
[15:21:51] цель ID=d3d103r тип=ББ_БР с координатами X=4991698 Y=7151190 движется со скоростью 8411.9625 м/с
[15:22:37] цель ID=17639cb тип=ББ_БР с координатами X=6128612 Y=2207066 движется со скоростью 8014.7192 м/с
[15:22:54] цель ID=9a111eb тип=ББ_БР с координатами X=2165909 Y=3750762 движется со скоростью 8809.0252 м/с
[15:23:03] цель ID=3e9a89b тип=ББ_БР с координатами X=8638992 Y=2248898 движется со скоростью 9981.7590 м/с
[15:23:07] цель ID=eedb14b тип=ББ_БР с координатами X=6820908 Y=3256885 движется со скоростью 9592.2031 м/с
[15:23:56] цель ID=f91a03b тип=ББ_БР с координатами X=6087925 Y=4514067 движется со скоростью 8582.4491 м/с
[15:24:08] цель ID=91839ab тип=ББ_БР с координатами X=4002230 Y=4184755 движется со скоростью 9850.5084 м/с в сторону СПРО
[15:24:34] цель ID=df47dfb тип=ББ_БР с координатами X=6920542 Y=3071150 движется со скоростью 9112.1168 м/с
[15:24:51] цель ID=b18908b тип=ББ_БР с координатами X=6007240 Y=7689080 движется со скоростью 9971.2005 м/с
[15:25:15] цель ID=1155d5b тип=ББ_БР с координатами X=7598612 Y=3827144 движется со скоростью 9502.3526 м/с
[15:25:27] цель ID=ba04ebb тип=ББ_БР с координатами X=6078988 Y=4973370 движется со скоростью 8329.4891 м/с
[15:25:30] цель ID=6f472ab тип=ББ_БР с координатами X=7501297 Y=2448663 движется со скоростью 9343.7552 м/с
[15:26:51] цель ID=443981b тип=ББ_БР с координатами X=7167195 Y=3866421 движется со скоростью 9889.7111 м/с
[15:27:06] цель ID=8307a4b тип=ББ_БР с координатами X=10047671 Y=3510987 движется со скоростью 8539.6492 м/с
[15:28:37] цель ID=6d9bffb тип=ББ_БР с координатами X=4463450 Y=5973725 движется со скоростью 8775.1424 м/с
[15:28:40] цель ID=343d3ab тип=ББ_БР с координатами X=10088440 Y=3680524 движется со скоростью 8349.4308 м/с
[15:28:49] цель ID=e2ac70b тип=ББ_БР с координатами X=5722016 Y=3675448 движется со скоростью 9450.1949 м/с
[15:29:19] цель ID=62429db тип=ББ_БР с координатами X=5307280 Y=5006121 движется со скоростью 8635.5919 м/с
[15:29:56] цель ID=d0ba93b тип=ББ_БР с координатами X=4808943 Y=3495656 движется со скоростью 9637.2228 м/с
[15:30:11] СЛОМАЛАСЬ
[15:30:11] РАБОТОСПОСОБНОСТЬ ВОССТАНОВЛЕНА
[15:30:14] цель ID=67190eb тип=ББ_БР с координатами X=4400810 Y=4285061 движется со скоростью 8898.7431 м/с в сторону СПРО
[15:30:21] цель ID=2b45bbb тип=ББ_БР с координатами X=5328916 Y=3899514 движется со скоростью 8312.3891 м/с
[15:30:31] цель ID=b625ddb тип=ББ_БР с координатами X=10058066 Y=3242970 движется со скоростью 8236.7994 м/с
[15:31:14] цель ID=601eb8b тип=ББ_БР с координатами X=8051015 Y=1429510 движется со скоростью 8264.5515 м/с
[15:31:19] цель ID=39224cr тип=ББ_БР с координатами X=7802151 Y=1613408 движется со скоростью 8834.9796 м/с
[15:31:20] цель ID=0c2c21r тип=ББ_БР с координатами X=3028456 Y=5420400 движется со скоростью 8153.9006 м/с в сторону СПРО
[15:32:46] цель ID=69c5edb тип=ББ_БР с координатами X=5241118 Y=5071285 движется со скоростью 9752.9431 м/с в сторону СПРО
[15:32:51] СЛОМАЛАСЬ
[15:32:52] РАБОТОСПОСОБНОСТЬ ВОССТАНОВЛЕНА
[15:32:59] цель ID=68d323b тип=ББ_БР с координатами X=5604435 Y=4497350 движется со скоростью 9033.8955 м/с
[15:33:35] СЛОМАЛАСЬ
[15:33:36] РАБОТОСПОСОБНОСТЬ ВОССТАНОВЛЕНА
[15:33:52] СЛОМАЛАСЬ
[15:33:53] РАБОТОСПОСОБНОСТЬ ВОССТАНОВЛЕНА
[15:34:05] цель ID=c9433db тип=ББ_БР с координатами X=8086744 Y=3978459 движется со скоростью 9566.8101 м/с
[15:34:23] цель ID=3dd45cr тип=ББ_БР с координатами X=3701160 Y=6745340 движется со скоростью 8756.4588 м/с в сторону СПРО
[15:34:36] СЛОМАЛАСЬ
[15:34:37] РАБОТОСПОСОБНОСТЬ ВОССТАНОВЛЕНА
[15:34:59] цель ID=3eef15b тип=ББ_БР с координатами X=10047675 Y=4342804 движется со скоростью 9024.8816 м/с
[15:37:17] СЛОМАЛАСЬ
[15:37:18] РАБОТОСПОСОБНОСТЬ ВОССТАНОВЛЕНА
[15:45:43] цель ID=3844f3b тип=ББ_БР с координатами X=6027600 Y=3714784 движется со скоростью 8671.7094 м/с
[15:48:41] цель ID=ac5a6eb тип=ББ_БР с координатами X=5299628 Y=4585256 движется со скоростью 8885.8865 м/с в сторону СПРО
[16:47:18] СЛОМАЛАСЬ
[16:47:22] РАБОТОСПОСОБНОСТЬ ВОССТАНОВЛЕНА
[16:47:30] цель ID=3b4df6b тип=ББ_БР с координатами X=6073323 Y=4075046 движется со скоростью 8658.2241 м/с
[16:47:32] цель ID=606133b тип=ББ_БР с координатами X=4906408 Y=4947635 движется со скоростью 8962.4974 м/с
[16:47:35] СЛОМАЛАСЬ
[16:47:36] РАБОТОСПОСОБНОСТЬ ВОССТАНОВЛЕНА
[16:47:45] цель ID=c4b281b тип=ББ_БР с координатами X=5356459 Y=4192459 движется со скоростью 8583.9013 м/с
[16:47:55] цель ID=6dc0e3b тип=ББ_БР с координатами X=7651880 Y=3965760 движется со скоростью 8256.3796 м/с
[16:48:15] цель ID=1a5d94b тип=ББ_БР с координатами X=7400895 Y=3907853 движется со скоростью 8167.7116 м/с
[16:48:21] цель ID=cdeeear тип=ББ_БР с координатами X=9275095 Y=1485515 движется со скоростью 8189.1592 м/с
[16:48:45] СЛОМАЛАСЬ
[16:48:46] РАБОТОСПОСОБНОСТЬ ВОССТАНОВЛЕНА
[16:48:51] цель ID=95a0f6r тип=ББ_БР с координатами X=7422758 Y=1641690 движется со скоростью 8869.3436 м/с
[16:49:13] цель ID=a31e5db тип=ББ_БР с координатами X=4354059 Y=5911552 движется со скоростью 8984.7751 м/с
[16:49:15] СЛОМАЛАСЬ
[16:49:16] РАБОТОСПОСОБНОСТЬ ВОССТАНОВЛЕНА
[16:49:41] цель ID=29e3d5b тип=ББ_БР с координатами X=6481996 Y=3728146 движется со скоростью 9858.6800 м/с
[16:49:45] СЛОМАЛАСЬ
[16:49:46] РАБОТОСПОСОБНОСТЬ ВОССТАНОВЛЕНА
[16:50:11] цель ID=0c777db тип=ББ_БР с координатами X=5473588 Y=4595398 движется со скоростью 9541.2563 м/с
[16:50:15] цель ID=0d82dab тип=ББ_БР с координатами X=4571212 Y=6130270 движется со скоростью 9109.1416 м/с
[16:50:16] СЛОМАЛАСЬ
[16:50:17] РАБОТОСПОСОБНОСТЬ ВОССТАНОВЛЕНА
[16:50:44] цель ID=dcb8d5b тип=ББ_БР с координатами X=5706086 Y=4343830 движется со скоростью 8716.1427 м/с
[16:50:46] цель ID=6d6a0cb тип=ББ_БР с координатами X=4568262 Y=7374699 движется со скоростью 8240.8012 м/с
[16:50:46] СЛОМАЛАСЬ
[16:50:48] РАБОТОСПОСОБНОСТЬ ВОССТАНОВЛЕНА
[16:51:17] СЛОМАЛАСЬ
[16:51:19] РАБОТОСПОСОБНОСТЬ ВОССТАНОВЛЕНА
[16:51:34] СЛОМАЛАСЬ
[16:51:34] РАБОТОСПОСОБНОСТЬ ВОССТАНОВЛЕНА
[16:52:04] СЛОМАЛАСЬ
[16:52:05] РАБОТОСПОСОБНОСТЬ ВОССТАНОВЛЕНА
[16:52:35] СЛОМАЛАСЬ
[16:52:35] РАБОТОСПОСОБНОСТЬ ВОССТАНОВЛЕНА
[16:52:44] цель ID=fcea0bb тип=ББ_БР с координатами X=7169676 Y=3218122 движется со скоростью 8677.3777 м/с
[16:52:45] цель ID=99bde5b тип=ББ_БР с координатами X=9381540 Y=2302990 движется со скоростью 9836.3064 м/с
[16:53:02] цель ID=0757dbb тип=ББ_БР с координатами X=4551785 Y=5449006 движется со скоростью 9690.5721 м/с
[16:53:05] СЛОМАЛАСЬ
[16:53:05] цель ID=576db2b тип=ББ_БР с координатами X=2985598 Y=4920659 движется со скоростью 8458.4800 м/с
[16:53:07] РАБОТОСПОСОБНОСТЬ ВОССТАНОВЛЕНА
[16:53:11] цель ID=7aa04bb тип=ББ_БР с координатами X=6409069 Y=2865229 движется со скоростью 8380.8459 м/с
[16:53:18] цель ID=864334b тип=ББ_БР с координатами X=3829882 Y=5218855 движется со скоростью 9934.8351 м/с
[16:53:32] цель ID=4cde82b тип=ББ_БР с координатами X=6780316 Y=2920974 движется со скоростью 8531.6022 м/с
[16:53:35] СЛОМАЛАСЬ
[16:53:37] РАБОТОСПОСОБНОСТЬ ВОССТАНОВЛЕНА
[16:53:47] цель ID=5d1db3b тип=ББ_БР с координатами X=7760320 Y=3582205 движется со скоростью 9891.6619 м/с
[16:53:53] СЛОМАЛАСЬ
[16:53:53] РАБОТОСПОСОБНОСТЬ ВОССТАНОВЛЕНА
[16:54:05] цель ID=d06715b тип=ББ_БР с координатами X=7666823 Y=3961693 движется со скоростью 9514.7444 м/с
[16:54:10] СЛОМАЛАСЬ
[16:54:11] РАБОТОСПОСОБНОСТЬ ВОССТАНОВЛЕНА
[16:54:11] цель ID=da2adbr тип=ББ_БР с координатами X=6937741 Y=2731012 движется со скоростью 8038.8121 м/с
[16:54:17] цель ID=710637r тип=ББ_БР с координатами X=9570820 Y=4206385 движется со скоростью 8631.6756 м/с
[16:54:21] цель ID=50565bb тип=ББ_БР с координатами X=7527942 Y=2227019 движется со скоростью 9803.6587 м/с
[16:54:28] СЛОМАЛАСЬ
[16:54:28] РАБОТОСПОСОБНОСТЬ ВОССТАНОВЛЕНА
[16:54:35] цель ID=48fddfr тип=ББ_БР с координатами X=5675500 Y=7285067 движется со скоростью 8176.8514 м/с в сторону СПРО
[16:54:40] цель ID=8b6e41b тип=ББ_БР с координатами X=4359884 Y=5565644 движется со скоростью 8406.7634 м/с
[16:54:53] цель ID=cd040db тип=ББ_БР с координатами X=2263539 Y=3833702 движется со скоростью 8041.8856 м/с
[16:54:55] цель ID=41c494b тип=ББ_БР с координатами X=6541650 Y=3726350 движется со скоростью 8563.9534 м/с
[16:54:58] СЛОМАЛАСЬ
[16:55:01] РАБОТОСПОСОБНОСТЬ ВОССТАНОВЛЕНА
[16:55:16] СЛОМАЛАСЬ
[16:55:19] РАБОТОСПОСОБНОСТЬ ВОССТАНОВЛЕНА
[16:55:33] СЛОМАЛАСЬ
[16:55:34] РАБОТОСПОСОБНОСТЬ ВОССТАНОВЛЕНА
[16:55:44] цель ID=dc15f6b тип=ББ_БР с координатами X=2894062 Y=4020440 движется со скоростью 8720.0551 м/с в сторону СПРО
[16:55:46] цель ID=2b7f8bb тип=ББ_БР с координатами X=9935940 Y=2724870 движется со скоростью 9074.6683 м/с
[16:55:51] цель ID=df9f27r тип=ББ_БР с координатами X=7586620 Y=3704252 движется со скоростью 8898.9294 м/с
[16:56:04] СЛОМАЛАСЬ
[16:56:08] РАБОТОСПОСОБНОСТЬ ВОССТАНОВЛЕНА
[16:56:22] СЛОМАЛАСЬ
[16:56:22] цель ID=5a67ebb тип=ББ_БР с координатами X=3992672 Y=5083128 движется со скоростью 8119.5990 м/с в сторону СПРО
[16:56:25] РАБОТОСПОСОБНОСТЬ ВОССТАНОВЛЕНА
[16:56:36] цель ID=a9322bb тип=ББ_БР с координатами X=8153851 Y=3742417 движется со скоростью 8194.6329 м/с
[16:56:39] СЛОМАЛАСЬ
[16:56:40] РАБОТОСПОСОБНОСТЬ ВОССТАНОВЛЕНА
[16:57:09] СЛОМАЛАСЬ
[16:57:10] цель ID=ba77e3b тип=ББ_БР с координатами X=6099241 Y=7290484 движется со скоростью 9257.1914 м/с
[16:57:12] РАБОТОСПОСОБНОСТЬ ВОССТАНОВЛЕНА
[16:57:36] цель ID=6cda8fb тип=ББ_БР с координатами X=8267984 Y=4060320 движется со скоростью 9475.4495 м/с
[16:57:57] цель ID=cc9178b тип=ББ_БР с координатами X=5431988 Y=4747797 движется со скоростью 8585.6168 м/с
[16:57:57] СЛОМАЛАСЬ
[16:57:57] РАБОТОСПОСОБНОСТЬ ВОССТАНОВЛЕНА
[16:58:23] цель ID=28f3d4b тип=ББ_БР с координатами X=5953160 Y=5486920 движется со скоростью 8800.3480 м/с
[16:58:27] СЛОМАЛАСЬ
[16:58:28] РАБОТОСПОСОБНОСТЬ ВОССТАНОВЛЕНА
[16:58:45] цель ID=893025r тип=ББ_БР с координатами X=2706182 Y=4091698 движется со скоростью 8116.4154 м/с в сторону СПРО
[16:58:47] цель ID=5cc0c4r тип=ББ_БР с координатами X=7460750 Y=3801120 движется со скоростью 8678.1843 м/с
[16:58:58] СЛОМАЛАСЬ
[16:59:02] РАБОТОСПОСОБНОСТЬ ВОССТАНОВЛЕНА
[16:59:12] цель ID=11fc05b тип=ББ_БР с координатами X=5144016 Y=6234184 движется со скоростью 8802.9704 м/с
[16:59:13] цель ID=d15ac9b тип=ББ_БР с координатами X=4299656 Y=4194988 движется со скоростью 9960.9045 м/с в сторону СПРО
[16:59:30] цель ID=32bf51b тип=ББ_БР с координатами X=5104668 Y=4673566 движется со скоростью 9742.9669 м/с
[16:59:30] цель ID=acef9bb тип=ББ_БР с координатами X=5371525 Y=3934700 движется со скоростью 8726.7763 м/с
[16:59:33] СЛОМАЛАСЬ
[16:59:35] РАБОТОСПОСОБНОСТЬ ВОССТАНОВЛЕНА
[16:59:50] СЛОМАЛАСЬ
[16:59:51] РАБОТОСПОСОБНОСТЬ ВОССТАНОВЛЕНА
[17:00:07] СЛОМАЛАСЬ
[17:00:08] РАБОТОСПОСОБНОСТЬ ВОССТАНОВЛЕНА
[17:00:25] СЛОМАЛАСЬ
[17:00:25] РАБОТОСПОСОБНОСТЬ ВОССТАНОВЛЕНА
[17:00:31] цель ID=a8177bb тип=ББ_БР с координатами X=4058365 Y=4532195 движется со скоростью 8771.6161 м/с
[17:00:33] цель ID=9dcd06b тип=ББ_БР с координатами X=7573661 Y=3944213 движется со скоростью 8827.4464 м/с
[17:00:34] цель ID=3b4adeb тип=ББ_БР с координатами X=6182855 Y=2245036 движется со скоростью 9361.0000 м/с
[17:00:37] цель ID=dc580cb тип=ББ_БР с координатами X=10052540 Y=4199089 движется со скоростью 8194.2834 м/с
[17:00:46] цель ID=828d55r тип=ББ_БР с координатами X=5041510 Y=5747600 движется со скоростью 8814.1930 м/с
[17:00:55] СЛОМАЛАСЬ
[17:00:58] РАБОТОСПОСОБНОСТЬ ВОССТАНОВЛЕНА
[17:01:09] цель ID=2118c5b тип=ББ_БР с координатами X=9406120 Y=4258564 движется со скоростью 8838.9049 м/с
[17:01:13] СЛОМАЛАСЬ
[17:01:14] цель ID=127577b тип=ББ_БР с координатами X=4043642 Y=4830166 движется со скоростью 9725.5215 м/с
[17:01:15] РАБОТОСПОСОБНОСТЬ ВОССТАНОВЛЕНА
[17:01:24] цель ID=4d408db тип=ББ_БР с координатами X=2934760 Y=3168808 движется со скоростью 8253.5238 м/с
[17:01:27] цель ID=36ad51b тип=ББ_БР с координатами X=9852200 Y=4326240 движется со скоростью 8047.4557 м/с
[17:01:30] СЛОМАЛАСЬ
[17:01:30] цель ID=287fb6b тип=ББ_БР с координатами X=8253218 Y=2982632 движется со скоростью 8212.8526 м/с
[17:01:33] РАБОТОСПОСОБНОСТЬ ВОССТАНОВЛЕНА
[17:01:36] цель ID=64bdddr тип=ББ_БР с координатами X=3552758 Y=6199242 движется со скоростью 8376.9803 м/с
[17:01:48] СЛОМАЛАСЬ
[17:01:50] РАБОТОСПОСОБНОСТЬ ВОССТАНОВЛЕНА
[17:02:05] СЛОМАЛАСЬ
[17:02:07] РАБОТОСПОСОБНОСТЬ ВОССТАНОВЛЕНА
[17:02:22] СЛОМАЛАСЬ
[17:02:24] РАБОТОСПОСОБНОСТЬ ВОССТАНОВЛЕНА
[17:02:33] цель ID=5ca3f2b тип=ББ_БР с координатами X=6086620 Y=3984954 движется со скоростью 9527.3713 м/с
[17:02:36] цель ID=fe8208b тип=ББ_БР с координатами X=10009502 Y=2871065 движется со скоростью 9571.6450 м/с
[17:02:40] СЛОМАЛАСЬ
[17:02:40] цель ID=0dbab5b тип=ББ_БР с координатами X=7781623 Y=2409913 движется со скоростью 9602.3123 м/с
[17:02:41] РАБОТОСПОСОБНОСТЬ ВОССТАНОВЛЕНА
[17:02:57] СЛОМАЛАСЬ
[17:02:57] РАБОТОСПОСОБНОСТЬ ВОССТАНОВЛЕНА
[17:02:59] цель ID=203e76r тип=ББ_БР с координатами X=8558215 Y=2860915 движется со скоростью 8790.0194 м/с
[17:03:10] цель ID=05a2abb тип=ББ_БР с координатами X=9991490 Y=2959150 движется со скоростью 8653.7641 м/с
[17:03:26] цель ID=5cec53b тип=ББ_БР с координатами X=6047900 Y=4235505 движется со скоростью 9532.4331 м/с
[17:03:45] СЛОМАЛАСЬ
[17:03:46] РАБОТОСПОСОБНОСТЬ ВОССТАНОВЛЕНА
[17:03:47] цель ID=27ba48r тип=ББ_БР с координатами X=3734136 Y=3551048 движется со скоростью 8863.0581 м/с
[17:04:08] цель ID=12e687b тип=ББ_БР с координатами X=4530431 Y=3464547 движется со скоростью 9618.9775 м/с
[17:04:11] цель ID=fceb19b тип=ББ_БР с координатами X=5545052 Y=3876970 движется со скоростью 9162.6361 м/с
[17:04:21] цель ID=76feb4b тип=ББ_БР с координатами X=4838748 Y=3524600 движется со скоростью 8886.4303 м/с
[17:04:28] СЛОМАЛАСЬ
[17:04:29] РАБОТОСПОСОБНОСТЬ ВОССТАНОВЛЕНА
[17:05:05] цель ID=b11369b тип=ББ_БР с координатами X=3518040 Y=6698990 движется со скоростью 8259.7183 м/с
[17:05:11] СЛОМАЛАСЬ
[17:05:12] РАБОТОСПОСОБНОСТЬ ВОССТАНОВЛЕНА
[17:05:21] цель ID=874c68b тип=ББ_БР с координатами X=8364408 Y=3693896 движется со скоростью 8889.5244 м/с
[17:06:07] СЛОМАЛАСЬ
[17:06:07] РАБОТОСПОСОБНОСТЬ ВОССТАНОВЛЕНА
[17:07:02] цель ID=abd1f6r тип=ББ_БР с координатами X=3631556 Y=3341026 движется со скоростью 8061.8953 м/с в сторону СПРО
[17:07:16] цель ID=e097f5r тип=ББ_БР с координатами X=2610896 Y=4874464 движется со скоростью 8149.0912 м/с
[17:07:23] цель ID=f633bfb тип=ББ_БР с координатами X=3109008 Y=6194200 движется со скоростью 8435.8229 м/с
[17:07:27] цель ID=86bf23b тип=ББ_БР с координатами X=5260456 Y=4694259 движется со скоростью 9044.0385 м/с
[17:07:28] СЛОМАЛАСЬ
[17:07:29] РАБОТОСПОСОБНОСТЬ ВОССТАНОВЛЕНА
[17:08:03] цель ID=4a19b7b тип=ББ_БР с координатами X=8105446 Y=3589950 движется со скоростью 9554.5462 м/с
[17:08:20] цель ID=82de22b тип=ББ_БР с координатами X=2714481 Y=5763724 движется со скоростью 9931.5775 м/с
[17:08:50] СЛОМАЛАСЬ
[17:08:50] РАБОТОСПОСОБНОСТЬ ВОССТАНОВЛЕНА
[17:08:58] цель ID=47cf9fb тип=ББ_БР с координатами X=4467904 Y=4107556 движется со скоростью 8504.9604 м/с в сторону СПРО
[17:09:47] цель ID=9e53a2b тип=ББ_БР с координатами X=4570640 Y=3439376 движется со скоростью 8749.9174 м/с в сторону СПРО
[17:09:51] СЛОМАЛАСЬ
[17:09:52] РАБОТОСПОСОБНОСТЬ ВОССТАНОВЛЕНА
[17:10:03] цель ID=872a32b тип=ББ_БР с координатами X=6306808 Y=2808040 движется со скоростью 9510.2695 м/с
[17:10:18] цель ID=2b278db тип=ББ_БР с координатами X=3542448 Y=3511144 движется со скоростью 8180.6225 м/с в сторону СПРО
[17:10:22] СЛОМАЛАСЬ
[17:10:22] РАБОТОСПОСОБНОСТЬ ВОССТАНОВЛЕНА
[17:10:30] цель ID=4bd4a1b тип=ББ_БР с координатами X=7868352 Y=3967944 движется со скоростью 8512.8496 м/с
[17:10:47] цель ID=6d2037b тип=ББ_БР с координатами X=5312936 Y=7169499 движется со скоростью 9050.8868 м/с
[17:10:53] СЛОМАЛАСЬ
[17:10:53] РАБОТОСПОСОБНОСТЬ ВОССТАНОВЛЕНА
[17:11:10] СЛОМАЛАСЬ
[17:11:12] РАБОТОСПОСОБНОСТЬ ВОССТАНОВЛЕНА
[17:11:17] цель ID=244f34r тип=ББ_БР с координатами X=5843180 Y=4546418 движется со скоростью 8254.0959 м/с
[17:11:24] цель ID=919b29b тип=ББ_БР с координатами X=3033540 Y=6111500 движется со скоростью 8401.8212 м/с
[17:11:28] СЛОМАЛАСЬ
[17:11:31] РАБОТОСПОСОБНОСТЬ ВОССТАНОВЛЕНА
[17:11:42] цель ID=051a5bb тип=ББ_БР с координатами X=6097240 Y=6179120 движется со скоростью 9605.7339 м/с
[17:11:45] СЛОМАЛАСЬ
[17:11:48] РАБОТОСПОСОБНОСТЬ ВОССТАНОВЛЕНА
[17:12:03] СЛОМАЛАСЬ
[17:12:06] РАБОТОСПОСОБНОСТЬ ВОССТАНОВЛЕНА
[17:12:15] цель ID=903bd9b тип=ББ_БР с координатами X=4167596 Y=6959267 движется со скоростью 9110.6808 м/с
[17:12:20] СЛОМАЛАСЬ
[17:12:24] РАБОТОСПОСОБНОСТЬ ВОССТАНОВЛЕНА
[17:12:26] цель ID=86b6f5r тип=ББ_БР с координатами X=6250075 Y=3189153 движется со скоростью 8217.0189 м/с
[17:12:38] СЛОМАЛАСЬ
[17:12:40] цель ID=1fa103b тип=ББ_БР с координатами X=3364676 Y=4087292 движется со скоростью 9697.5197 м/с в сторону СПРО
[17:12:42] РАБОТОСПОСОБНОСТЬ ВОССТАНОВЛЕНА
[17:12:58] цель ID=c99c63b тип=ББ_БР с координатами X=6652672 Y=2880917 движется со скоростью 9254.4312 м/с
[17:13:00] СЛОМАЛАСЬ
[17:13:00] РАБОТОСПОСОБНОСТЬ ВОССТАНОВЛЕНА
[17:13:17] СЛОМАЛАСЬ
[17:13:22] РАБОТОСПОСОБНОСТЬ ВОССТАНОВЛЕНА
[17:13:39] СЛОМАЛАСЬ
[17:13:41] РАБОТОСПОСОБНОСТЬ ВОССТАНОВЛЕНА
[17:13:57] СЛОМАЛАСЬ
[17:14:00] РАБОТОСПОСОБНОСТЬ ВОССТАНОВЛЕНА
[17:14:14] СЛОМАЛАСЬ
[17:14:20] РАБОТОСПОСОБНОСТЬ ВОССТАНОВЛЕНА
[17:14:36] СЛОМАЛАСЬ
[17:14:37] РАБОТОСПОСОБНОСТЬ ВОССТАНОВЛЕНА
[17:14:38] цель ID=2a3344r тип=ББ_БР с координатами X=8284371 Y=3793164 движется со скоростью 8034.9034 м/с
[17:14:48] цель ID=345c23b тип=ББ_БР с координатами X=4647728 Y=5298032 движется со скоростью 9920.6815 м/с
[17:14:53] СЛОМАЛАСЬ
[17:14:54] РАБОТОСПОСОБНОСТЬ ВОССТАНОВЛЕНА
[17:15:00] цель ID=674b9eb тип=ББ_БР с координатами X=7015663 Y=3811161 движется со скоростью 8355.6382 м/с
[17:15:06] цель ID=874423b тип=ББ_БР с координатами X=5066920 Y=5413624 движется со скоростью 9442.2039 м/с
[17:15:07] цель ID=a07282b тип=ББ_БР с координатами X=3484852 Y=6699438 движется со скоростью 8489.9797 м/с
[17:15:11] СЛОМАЛАСЬ
[17:15:11] цель ID=791e82b тип=ББ_БР с координатами X=4913080 Y=4285036 движется со скоростью 9522.1836 м/с
[17:15:13] РАБОТОСПОСОБНОСТЬ ВОССТАНОВЛЕНА
[17:15:24] цель ID=1b2627b тип=ББ_БР с координатами X=8910613 Y=3732877 движется со скоростью 9751.2182 м/с
[17:15:28] СЛОМАЛАСЬ
[17:15:32] РАБОТОСПОСОБНОСТЬ ВОССТАНОВЛЕНА
[17:15:34] цель ID=4b7f98r тип=ББ_БР с координатами X=5341763 Y=3901478 движется со скоростью 8663.6226 м/с
[17:15:46] СЛОМАЛАСЬ
[17:15:51] РАБОТОСПОСОБНОСТЬ ВОССТАНОВЛЕНА
[17:16:07] цель ID=5e6f76b тип=ББ_БР с координатами X=2769068 Y=5835144 движется со скоростью 9178.6374 м/с
[17:16:07] СЛОМАЛАСЬ
[17:16:08] РАБОТОСПОСОБНОСТЬ ВОССТАНОВЛЕНА
[17:16:25] СЛОМАЛАСЬ
[17:16:27] РАБОТОСПОСОБНОСТЬ ВОССТАНОВЛЕНА
[17:16:42] СЛОМАЛАСЬ
[17:16:46] РАБОТОСПОСОБНОСТЬ ВОССТАНОВЛЕНА
[17:17:00] СЛОМАЛАСЬ
[17:17:01] цель ID=38c010b тип=ББ_БР с координатами X=4837720 Y=5357252 движется со скоростью 9575.8799 м/с в сторону СПРО
[17:17:05] РАБОТОСПОСОБНОСТЬ ВОССТАНОВЛЕНА
[17:17:16] цель ID=d1d20cb тип=ББ_БР с координатами X=5993913 Y=6126702 движется со скоростью 8239.9255 м/с
[17:17:19] цель ID=5a75b5b тип=ББ_БР с координатами X=4711485 Y=3540819 движется со скоростью 9975.4555 м/с
[17:17:20] цель ID=d8d6d9b тип=ББ_БР с координатами X=9909907 Y=3267866 движется со скоростью 9132.1216 м/с
[17:17:22] СЛОМАЛАСЬ
[17:17:24] РАБОТОСПОСОБНОСТЬ ВОССТАНОВЛЕНА
[17:17:25] цель ID=413ccar тип=ББ_БР с координатами X=3339998 Y=4137014 движется со скоростью 9465.9917 м/с
[17:17:39] цель ID=b410a8b тип=ББ_БР с координатами X=3388340 Y=3734031 движется со скоростью 8830.6222 м/с в сторону СПРО
[17:17:39] СЛОМАЛАСЬ
[17:17:40] цель ID=7d5dbeb тип=ББ_БР с координатами X=9999772 Y=4368094 движется со скоростью 8915.0123 м/с
[17:17:40] цель ID=81692ab тип=ББ_БР с координатами X=6830440 Y=3804760 движется со скоростью 9928.6317 м/с
[17:17:43] РАБОТОСПОСОБНОСТЬ ВОССТАНОВЛЕНА
[17:17:53] цель ID=09d9c2b тип=ББ_БР с координатами X=2501360 Y=5368800 движется со скоростью 9517.7518 м/с
[17:17:57] СЛОМАЛАСЬ
[17:17:59] цель ID=bd4827b тип=ББ_БР с координатами X=9379796 Y=4242556 движется со скоростью 8868.3099 м/с
[17:18:01] РАБОТОСПОСОБНОСТЬ ВОССТАНОВЛЕНА
[17:18:11] цель ID=f43becb тип=ББ_БР с координатами X=7580607 Y=3958691 движется со скоростью 9908.3081 м/с
[17:18:14] СЛОМАЛАСЬ
[17:18:18] РАБОТОСПОСОБНОСТЬ ВОССТАНОВЛЕНА
[17:18:52] цель ID=348c97b тип=ББ_БР с координатами X=2579396 Y=5549296 движется со скоростью 8881.4445 м/с
[17:18:53] СЛОМАЛАСЬ
[17:18:54] РАБОТОСПОСОБНОСТЬ ВОССТАНОВЛЕНА
[17:19:08] цель ID=14bbd3b тип=ББ_БР с координатами X=4119606 Y=5705676 движется со скоростью 9654.4532 м/с
[17:19:10] СЛОМАЛАСЬ
[17:19:12] РАБОТОСПОСОБНОСТЬ ВОССТАНОВЛЕНА
[17:19:28] СЛОМАЛАСЬ
[17:19:29] РАБОТОСПОСОБНОСТЬ ВОССТАНОВЛЕНА
[17:19:45] СЛОМАЛАСЬ
[17:19:47] РАБОТОСПОСОБНОСТЬ ВОССТАНОВЛЕНА
[17:20:02] СЛОМАЛАСЬ
[17:20:02] цель ID=ab3532b тип=ББ_БР с координатами X=6482314 Y=2532134 движется со скоростью 8388.7262 м/с
[17:20:04] РАБОТОСПОСОБНОСТЬ ВОССТАНОВЛЕНА
[17:20:20] СЛОМАЛАСЬ
[17:20:21] РАБОТОСПОСОБНОСТЬ ВОССТАНОВЛЕНА
[17:20:50] СЛОМАЛАСЬ
[17:20:52] РАБОТОСПОСОБНОСТЬ ВОССТАНОВЛЕНА
[17:21:01] цель ID=cbfac1b тип=ББ_БР с координатами X=9168818 Y=3784616 движется со скоростью 9710.0023 м/с
[17:21:07] СЛОМАЛАСЬ
[17:21:09] РАБОТОСПОСОБНОСТЬ ВОССТАНОВЛЕНА
[17:21:18] цель ID=37e5d5b тип=ББ_БР с координатами X=4560792 Y=4602772 движется со скоростью 9696.9710 м/с в сторону СПРО
[17:21:23] цель ID=8cbfdbb тип=ББ_БР с координатами X=2974255 Y=6115893 движется со скоростью 8841.6782 м/с
[17:21:25] СЛОМАЛАСЬ
[17:21:25] РАБОТОСПОСОБНОСТЬ ВОССТАНОВЛЕНА
[17:21:50] цель ID=2a4bb3b тип=ББ_БР с координатами X=6941880 Y=967170 движется со скоростью 8596.2680 м/с
[17:21:51] цель ID=1a07a3b тип=ББ_БР с координатами X=5137845 Y=3994186 движется со скоростью 8977.4506 м/с
[17:21:55] цель ID=df6c72b тип=ББ_БР с координатами X=7477339 Y=3892683 движется со скоростью 8320.1808 м/с
[17:21:56] СЛОМАЛАСЬ
[17:21:58] РАБОТОСПОСОБНОСТЬ ВОССТАНОВЛЕНА
[17:22:09] цель ID=e83ef8b тип=ББ_БР с координатами X=6103408 Y=3399021 движется со скоростью 8850.3505 м/с
[17:22:13] СЛОМАЛАСЬ
[17:22:16] РАБОТОСПОСОБНОСТЬ ВОССТАНОВЛЕНА
[17:22:30] СЛОМАЛАСЬ
[17:22:34] РАБОТОСПОСОБНОСТЬ ВОССТАНОВЛЕНА
[17:22:46] цель ID=7e281cb тип=ББ_БР с координатами X=2822867 Y=5940478 движется со скоростью 9374.5803 м/с
[17:22:48] СЛОМАЛАСЬ
[17:22:48] цель ID=e2b260b тип=ББ_БР с координатами X=3648196 Y=3988025 движется со скоростью 8525.6179 м/с в сторону СПРО
[17:22:52] РАБОТОСПОСОБНОСТЬ ВОССТАНОВЛЕНА
[17:23:00] цель ID=2db99eb тип=ББ_БР с координатами X=6393840 Y=1090408 движется со скоростью 8350.3219 м/с
[17:23:01] цель ID=dd8939b тип=ББ_БР с координатами X=7664873 Y=3908602 движется со скоростью 9801.5119 м/с
[17:23:16] цель ID=235b43b тип=ББ_БР с координатами X=2896451 Y=6032945 движется со скоростью 9667.4419 м/с
[17:23:22] СЛОМАЛАСЬ
[17:23:24] РАБОТОСПОСОБНОСТЬ ВОССТАНОВЛЕНА
[17:23:34] цель ID=fa0b1cb тип=ББ_БР с координатами X=3893060 Y=4991784 движется со скоростью 9110.7157 м/с
[17:23:40] СЛОМАЛАСЬ
[17:23:40] РАБОТОСПОСОБНОСТЬ ВОССТАНОВЛЕНА
[17:23:51] цель ID=ce7715b тип=ББ_БР с координатами X=6848122 Y=3792424 движется со скоростью 9835.5307 м/с
[17:23:54] цель ID=35a0f7b тип=ББ_БР с координатами X=6627976 Y=3791952 движется со скоростью 8244.2058 м/с
[17:24:15] СЛОМАЛАСЬ
[17:24:16] РАБОТОСПОСОБНОСТЬ ВОССТАНОВЛЕНА
[17:24:25] цель ID=089197b тип=ББ_БР с координатами X=3501775 Y=6569075 движется со скоростью 8400.4243 м/с
[17:24:29] цель ID=7be684b тип=ББ_БР с координатами X=2484840 Y=5386168 движется со скоростью 8711.9849 м/с
[17:24:32] СЛОМАЛАСЬ
[17:24:33] РАБОТОСПОСОБНОСТЬ ВОССТАНОВЛЕНА
[17:24:45] цель ID=db9cf2b тип=ББ_БР с координатами X=7272430 Y=977639 движется со скоростью 8373.7220 м/с
[17:24:50] СЛОМАЛАСЬ
[17:24:52] цель ID=90b3f6b тип=ББ_БР с координатами X=6439168 Y=2634208 движется со скоростью 9373.9795 м/с
[17:24:54] РАБОТОСПОСОБНОСТЬ ВОССТАНОВЛЕНА
[17:25:06] цель ID=2e7d79b тип=ББ_БР с координатами X=6236550 Y=2350010 движется со скоростью 9093.9597 м/с
[17:25:11] цель ID=d15a4fb тип=ББ_БР с координатами X=5491988 Y=3819228 движется со скоростью 8228.0087 м/с
[17:25:12] СЛОМАЛАСЬ
[17:25:14] РАБОТОСПОСОБНОСТЬ ВОССТАНОВЛЕНА
[17:25:29] СЛОМАЛАСЬ
[17:25:34] РАБОТОСПОСОБНОСТЬ ВОССТАНОВЛЕНА
[17:25:36] цель ID=596d00r тип=ББ_БР с координатами X=5819440 Y=4528184 движется со скоростью 8501.9174 м/с
[17:25:51] СЛОМАЛАСЬ
[17:25:53] РАБОТОСПОСОБНОСТЬ ВОССТАНОВЛЕНА
[17:26:09] СЛОМАЛАСЬ
[17:26:12] РАБОТОСПОСОБНОСТЬ ВОССТАНОВЛЕНА
[17:26:26] СЛОМАЛАСЬ
[17:26:30] РАБОТОСПОСОБНОСТЬ ВОССТАНОВЛЕНА
[17:26:39] цель ID=972339b тип=ББ_БР с координатами X=6874702 Y=3785885 движется со скоростью 8442.4823 м/с
[17:26:48] СЛОМАЛАСЬ
[17:26:49] РАБОТОСПОСОБНОСТЬ ВОССТАНОВЛЕНА
[17:27:00] цель ID=5ce8bdb тип=ББ_БР с координатами X=5211344 Y=3618808 движется со скоростью 9771.7923 м/с
[17:27:05] СЛОМАЛАСЬ
[17:27:08] РАБОТОСПОСОБНОСТЬ ВОССТАНОВЛЕНА
[17:27:19] цель ID=22e913b тип=ББ_БР с координатами X=5442844 Y=6970695 движется со скоростью 8620.5039 м/с
[17:27:23] СЛОМАЛАСЬ
[17:27:27] цель ID=8f69f1b тип=ББ_БР с координатами X=2210311 Y=4617621 движется со скоростью 8994.1390 м/с в сторону СПРО
[17:27:28] РАБОТОСПОСОБНОСТЬ ВОССТАНОВЛЕНА
[17:27:45] СЛОМАЛАСЬ
[17:27:47] РАБОТОСПОСОБНОСТЬ ВОССТАНОВЛЕНА
[17:28:02] СЛОМАЛАСЬ
[17:28:06] РАБОТОСПОСОБНОСТЬ ВОССТАНОВЛЕНА
[17:28:19] СЛОМАЛАСЬ
[17:28:25] РАБОТОСПОСОБНОСТЬ ВОССТАНОВЛЕНА
[17:28:40] цель ID=404a97b тип=ББ_БР с координатами X=6175232 Y=1366930 движется со скоростью 8943.2882 м/с
[17:28:41] СЛОМАЛАСЬ
[17:28:43] цель ID=2fb525b тип=ББ_БР с координатами X=2983170 Y=4183010 движется со скоростью 9487.6366 м/с в сторону СПРО
[17:28:44] РАБОТОСПОСОБНОСТЬ ВОССТАНОВЛЕНА
[17:28:59] СЛОМАЛАСЬ
[17:29:00] цель ID=451f12b тип=ББ_БР с координатами X=7779473 Y=2367878 движется со скоростью 8672.1838 м/с
[17:29:01] цель ID=7a1ab9b тип=ББ_БР с координатами X=9959720 Y=2877220 движется со скоростью 9224.7175 м/с
[17:29:02] цель ID=fa500cb тип=ББ_БР с координатами X=3840861 Y=5628558 движется со скоростью 8477.2026 м/с
[17:29:03] РАБОТОСПОСОБНОСТЬ ВОССТАНОВЛЕНА
[17:29:15] цель ID=c5e94fb тип=ББ_БР с координатами X=10077881 Y=3435849 движется со скоростью 9436.3510 м/с
[17:29:19] цель ID=d52cfdb тип=ББ_БР с координатами X=6043392 Y=5216130 движется со скоростью 9851.9279 м/с
[17:29:20] СЛОМАЛАСЬ
[17:29:23] РАБОТОСПОСОБНОСТЬ ВОССТАНОВЛЕНА
[17:29:38] СЛОМАЛАСЬ
[17:29:43] РАБОТОСПОСОБНОСТЬ ВОССТАНОВЛЕНА
[17:29:50] цель ID=7f2569r тип=ББ_БР с координатами X=4380440 Y=4262880 движется со скоростью 8051.2936 м/с
[17:30:00] СЛОМАЛАСЬ
[17:30:02] РАБОТОСПОСОБНОСТЬ ВОССТАНОВЛЕНА
[17:30:17] СЛОМАЛАСЬ
[17:30:22] РАБОТОСПОСОБНОСТЬ ВОССТАНОВЛЕНА
[17:30:33] цель ID=e9348db тип=ББ_БР с координатами X=7919172 Y=3985188 движется со скоростью 9784.9538 м/с
[17:30:39] СЛОМАЛАСЬ
[17:30:42] РАБОТОСПОСОБНОСТЬ ВОССТАНОВЛЕНА
[21:13:43] СЛОМАЛАСЬ
[21:13:45] цель ID=50cfb8b тип=ББ_БР с координатами X=5191328 Y=6935624 движется со скоростью 9942.8144 м/с
[21:13:47] цель ID=550131b тип=ББ_БР с координатами X=5874738 Y=3672100 движется со скоростью 9833.3613 м/с
[21:13:49] РАБОТОСПОСОБНОСТЬ ВОССТАНОВЛЕНА
[21:14:05] СЛОМАЛАСЬ
[21:14:10] РАБОТОСПОСОБНОСТЬ ВОССТАНОВЛЕНА
[21:14:27] СЛОМАЛАСЬ
[21:14:31] РАБОТОСПОСОБНОСТЬ ВОССТАНОВЛЕНА
[21:14:43] цель ID=1a2c15b тип=ББ_БР с координатами X=6408486 Y=3719031 движется со скоростью 8475.5057 м/с
[21:14:45] СЛОМАЛАСЬ
[21:14:46] цель ID=392486b тип=ББ_БР с координатами X=5929952 Y=3817372 движется со скоростью 9411.9194 м/с
[21:14:51] РАБОТОСПОСОБНОСТЬ ВОССТАНОВЛЕНА
[21:15:07] СЛОМАЛАСЬ
[21:15:08] цель ID=ed067fb тип=ББ_БР с координатами X=10017188 Y=4360920 движется со скоростью 9220.9592 м/с
[21:15:11] РАБОТОСПОСОБНОСТЬ ВОССТАНОВЛЕНА
[21:15:22] цель ID=1f53feb тип=ББ_БР с координатами X=7865273 Y=1110657 движется со скоростью 8269.1137 м/с
[21:15:24] СЛОМАЛАСЬ
[21:15:34] РАБОТОСПОСОБНОСТЬ ВОССТАНОВЛЕНА
[21:15:51] СЛОМАЛАСЬ
[21:15:54] РАБОТОСПОСОБНОСТЬ ВОССТАНОВЛЕНА
[21:16:04] цель ID=92d355r тип=ББ_БР с координатами X=3454168 Y=4777560 движется со скоростью 9520.0000 м/с в сторону СПРО
[21:16:08] СЛОМАЛАСЬ
[21:16:09] цель ID=573713b тип=ББ_БР с координатами X=5663700 Y=4540155 движется со скоростью 9918.7580 м/с
[21:16:12] цель ID=3ec4d2b тип=ББ_БР с координатами X=6359520 Y=3694504 движется со скоростью 8344.8676 м/с
[21:16:15] РАБОТОСПОСОБНОСТЬ ВОССТАНОВЛЕНА
[21:16:30] СЛОМАЛАСЬ
[21:16:38] РАБОТОСПОСОБНОСТЬ ВОССТАНОВЛЕНА
[21:16:53] СЛОМАЛАСЬ
[21:17:08] РАБОТОСПОСОБНОСТЬ ВОССТАНОВЛЕНА
[21:17:25] СЛОМАЛАСЬ
[21:17:37] РАБОТОСПОСОБНОСТЬ ВОССТАНОВЛЕНА
[21:17:52] СЛОМАЛАСЬ
[21:17:57] РАБОТОСПОСОБНОСТЬ ВОССТАНОВЛЕНА
