[15:07:26] цель ID=0bfeb7r тип=крылатая_ракета с координатами X=9170792 Y=4656262 движется со скоростью 383.3757 м/с
[15:07:27] цель ID=f80749s тип=самолет с координатами X=8918994 Y=4492176 движется со скоростью 88.0511 м/с
[15:07:31] цель ID=0bfeb7r СБИТА
[15:07:31] цель ID=f80749s ПРОМАХ
[15:07:37] цель ID=f80749s СБИТА
[15:11:16] цель ID=15cebas тип=крылатая_ракета с координатами X=9279559 Y=5065475 движется со скоростью 457.0951 м/с
[15:11:24] цель ID=15cebas СБИТА
[15:33:57] цель ID=3c718ds тип=самолет с координатами X=8735886 Y=4548141 движется со скоростью 60.4400 м/с
[15:34:10] цель ID=3c718ds ПРОМАХ
[15:48:11] цель ID=9be18cr тип=крылатая_ракета с координатами X=9324846 Y=4166478 движется со скоростью 502.1951 м/с
[15:48:33] цель ID=9be18cr ПРОМАХ
[16:03:57] цель ID=9be18cr ПРОМАХ
[16:53:42] цель ID=62590bs тип=крылатая_ракета с координатами X=9489700 Y=4512770 движется со скоростью 302.4169 м/с
[16:54:01] цель ID=62590bs ПРОМАХ
[16:54:23] цель ID=62590bs ПРОМАХ
[16:54:44] цель ID=62590bs СБИТА
[16:55:55] цель ID=39fcddr тип=крылатая_ракета с координатами X=9467194 Y=4178398 движется со скоростью 659.4012 м/с
[16:56:12] цель ID=39fcddr ПРОМАХ
[16:56:27] цель ID=710637r тип=крылатая_ракета с координатами X=9570088 Y=4264884 движется со скоростью 959.0750 м/с
[16:56:41] цель ID=710637r ПРОМАХ
[17:03:21] цель ID=4c5324r тип=крылатая_ракета с координатами X=9410868 Y=4316192 движется со скоростью 798.6820 м/с
[17:03:41] цель ID=4c5324r СБИТА
[17:10:29] цель ID=87f07cs тип=самолет с координатами X=9143943 Y=4352893 движется со скоростью 121.2353 м/с
[17:10:47] цель ID=87f07cs ПРОМАХ
[17:15:39] цель ID=21ee33r тип=крылатая_ракета с координатами X=9035914 Y=4221389 движется со скоростью 398.3930 м/с
[17:16:00] цель ID=21ee33r ПРОМАХ
[17:18:53] цель ID=c7ffa4r тип=крылатая_ракета с координатами X=9331732 Y=4744860 движется со скоростью 977.7197 м/с
[17:19:14] цель ID=c7ffa4r ПРОМАХ
[17:26:45] цель ID=39fd13r тип=крылатая_ракета с координатами X=9216724 Y=4761964 движется со скоростью 744.2056 м/с
[17:27:11] цель ID=39fd13r ПРОМАХ
[21:14:08] цель ID=c5bbfes тип=самолет с координатами X=9459740 Y=4573000 движется со скоростью 65.0000 м/с
[21:14:32] цель ID=c5bbfes ПРОМАХ
[21:15:54] цель ID=5dcd77s тип=самолет с координатами X=8870764 Y=4509064 движется со скоростью 241.3234 м/с
[21:16:23] цель ID=5dcd77s СБИТА
[21:16:34] цель ID=df17dcs тип=самолет с координатами X=9141960 Y=4726785 движется со скоростью 157.2036 м/с
[21:16:53] СЛОМАЛАСЬ
[21:16:56] РАБОТОСПОСОБНОСТЬ ВОССТАНОВЛЕНА
[21:17:12] СЛОМАЛАСЬ
[21:17:13] цель ID=df17dcs ПРОМАХ
[21:17:14] РАБОТОСПОСОБНОСТЬ ВОССТАНОВЛЕНА
[21:17:27] боекомлект пуст
[21:17:30] СЛОМАЛАСЬ
[21:17:32] РАБОТОСПОСОБНОСТЬ ВОССТАНОВЛЕНА
[21:17:32] боекомлект пополнен на 20 ракет
[21:18:08] цель ID=df17dcs СБИТА
[21:53:32] СЛОМАЛАСЬ
[21:53:35] РАБОТОСПОСОБНОСТЬ ВОССТАНОВЛЕНА
