[15:07:27] цель ID=f46321s тип=самолет с координатами X=11011928 Y=4933378 движется со скоростью 192.3980 м/с
[15:07:31] цель ID=f46321s ПРОМАХ
[15:07:37] цель ID=f46321s ПРОМАХ
[15:13:03] цель ID=b3437ds тип=самолет с координатами X=11296975 Y=5385068 движется со скоростью 72.4499 м/с
[15:13:10] цель ID=b3437ds ПРОМАХ
[15:13:19] цель ID=b3437ds СБИТА
[15:22:42] цель ID=2f7bfas тип=самолет с координатами X=10783928 Y=5391769 движется со скоростью 161.3071 м/с
[15:22:56] цель ID=2f7bfas ПРОМАХ
[15:23:11] цель ID=2f7bfas ПРОМАХ
[15:24:35] цель ID=e2d04br тип=крылатая_ракета с координатами X=11437890 Y=5171741 движется со скоростью 749.1201 м/с
[15:24:48] цель ID=e2d04br ПРОМАХ
[15:25:16] цель ID=fa01efr тип=крылатая_ракета с координатами X=10544068 Y=5375112 движется со скоростью 725.4598 м/с
[15:25:28] цель ID=fa01efr ПРОМАХ
[15:26:32] цель ID=b87fc9s тип=крылатая_ракета с координатами X=10486580 Y=4754452 движется со скоростью 517.8281 м/с
[15:26:46] цель ID=b87fc9s СБИТА
[15:29:51] цель ID=5e5207r тип=крылатая_ракета с координатами X=11344208 Y=4986580 движется со скоростью 441.8472 м/с
[15:30:05] цель ID=5e5207r ПРОМАХ
[15:30:29] цель ID=02ce8bs тип=крылатая_ракета с координатами X=10889635 Y=4623375 движется со скоростью 434.2648 м/с
[15:30:45] цель ID=02ce8bs ПРОМАХ
[15:31:02] цель ID=02ce8bs СБИТА
[16:58:33] цель ID=0d7438r тип=крылатая_ракета с координатами X=11444616 Y=4989638 движется со скоростью 372.3237 м/с
[16:58:49] цель ID=0d7438r ПРОМАХ
[17:02:42] цель ID=b732f6r тип=крылатая_ракета с координатами X=10916602 Y=5201591 движется со скоростью 928.4207 м/с
[17:02:58] цель ID=b732f6r ПРОМАХ
[17:10:20] цель ID=0c016es тип=самолет с координатами X=11182797 Y=4428586 движется со скоростью 83.9344 м/с
[17:10:41] цель ID=0c016es СБИТА
[17:21:27] цель ID=9440c2s тип=самолет с координатами X=10752919 Y=5323841 движется со скоростью 59.4810 м/с
[17:21:48] цель ID=9440c2s ПРОМАХ
[17:25:50] цель ID=ce0396s тип=самолет с координатами X=10771796 Y=5078153 движется со скоростью 85.0000 м/с
[17:26:14] цель ID=ce0396s ПРОМАХ
[17:28:04] цель ID=7b5dd3s тип=самолет с координатами X=11296688 Y=5399332 движется со скоростью 113.8990 м/с
[17:28:30] цель ID=7b5dd3s ПРОМАХ
[21:13:44] цель ID=cce817r тип=крылатая_ракета с координатами X=11044566 Y=4419608 движется со скоростью 292.4123 м/с
[21:14:10] цель ID=cce817r ПРОМАХ
[21:16:56] РАБОТОСПОСОБНОСТЬ ВОССТАНОВЛЕНА
[21:17:14] РАБОТОСПОСОБНОСТЬ ВОССТАНОВЛЕНА
[21:17:31] РАБОТОСПОСОБНОСТЬ ВОССТАНОВЛЕНА
[21:53:32] РАБОТОСПОСОБНОСТЬ ВОССТАНОВЛЕНА
