[15:13:15] цель ID=d9f8c5r тип=крылатая_ракета с координатами X=5908560 Y=3693922 движется со скоростью 854.9391 м/с
[15:13:22] цель ID=d9f8c5r ПРОМАХ
[15:24:32] цель ID=3a198ar тип=крылатая_ракета с координатами X=5979500 Y=3900754 движется со скоростью 671.2890 м/с
[15:24:43] цель ID=3a198ar ПРОМАХ
[15:28:48] цель ID=b7cfe5r тип=крылатая_ракета с координатами X=6099860 Y=3543216 движется со скоростью 744.6905 м/с
[15:28:59] цель ID=b7cfe5r ПРОМАХ
[15:31:41] цель ID=bc5734s тип=самолет с координатами X=6124870 Y=4008334 движется со скоростью 179.2037 м/с
[15:31:54] цель ID=bc5734s СБИТА
[17:03:24] цель ID=9aa182s тип=самолет с координатами X=6012988 Y=3722140 движется со скоростью 70.2566 м/с
[17:03:41] цель ID=9aa182s ПРОМАХ
[17:10:33] цель ID=272ba4r тип=крылатая_ракета с координатами X=5982424 Y=3873800 движется со скоростью 304.8671 м/с
[17:10:54] цель ID=272ba4r ПРОМАХ
[17:13:45] цель ID=15f30fs тип=крылатая_ракета с координатами X=6370255 Y=3882750 движется со скоростью 633.7318 м/с
[17:14:14] цель ID=15f30fs ПРОМАХ
[17:14:41] цель ID=15f30fs СБИТА
[17:21:34] цель ID=a2ce28s тип=самолет с координатами X=6340805 Y=4017252 движется со скоростью 106.2120 м/с
[17:21:56] цель ID=a2ce28s ПРОМАХ
[17:22:25] цель ID=a2ce28s СБИТА
[21:16:53] СЛОМАЛАСЬ
[21:16:53] СЛОМАЛАСЬ
[21:16:54] РАБОТОСПОСОБНОСТЬ ВОССТАНОВЛЕНА
[21:17:12] СЛОМАЛАСЬ
[21:17:12] СЛОМАЛАСЬ
[21:17:12] РАБОТОСПОСОБНОСТЬ ВОССТАНОВЛЕНА
[21:17:30] СЛОМАЛАСЬ
[21:53:27] СЛОМАЛАСЬ
[21:53:28] РАБОТОСПОСОБНОСТЬ ВОССТАНОВЛЕНА
[21:53:32] СЛОМАЛАСЬ
