[15:07:26] цель ID=9450a9b тип=ББ_БР с координатами X=2271330 Y=3988022 движется со скоростью 9059.8204 м/с
[15:07:26] цель ID=6c865db тип=ББ_БР с координатами X=2722898 Y=2759852 движется со скоростью 9983.6905 м/с
[15:07:27] цель ID=3867adb тип=ББ_БР с координатами X=2845972 Y=3975314 движется со скоростью 9090.5360 м/с
[15:07:27] цель ID=266981b тип=ББ_БР с координатами X=3786252 Y=3051050 движется со скоростью 9718.8734 м/с
[15:07:31] цель ID=6c865db ПРОМАХ
[15:07:31] цель ID=3867adb СБИТА
[15:07:31] цель ID=9450a9b ПРОМАХ
[15:07:31] цель ID=266981b ПРОМАХ
[15:07:37] цель ID=266981b ПРОМАХ
[15:07:37] цель ID=6c865db СБИТА
[15:07:37] цель ID=9450a9b СБИТА
[15:07:42] цель ID=266981b ПРОМАХ
[15:10:50] цель ID=f54847b тип=ББ_БР с координатами X=2321824 Y=4260152 движется со скоростью 8516.6613 м/с
[15:10:56] цель ID=f54847b ПРОМАХ
[15:13:00] цель ID=5c16e6b тип=ББ_БР с координатами X=2924494 Y=2615017 движется со скоростью 9985.7060 м/с
[15:13:09] цель ID=5c16e6b СБИТА
[15:14:24] цель ID=84b212b тип=ББ_БР с координатами X=3998592 Y=3631509 движется со скоростью 8511.6123 м/с
[15:14:24] боекомлект пуст
[15:14:26] боекомлект пополнен на 10 ракет
[15:14:36] цель ID=84b212b ПРОМАХ
[15:14:55] цель ID=e7bac3b тип=ББ_БР с координатами X=2911194 Y=3637338 движется со скоростью 8242.3279 м/с
[15:15:04] цель ID=e7bac3b ПРОМАХ
[15:18:14] цель ID=7bb923b тип=ББ_БР с координатами X=2567814 Y=2743131 движется со скоростью 9852.8175 м/с
[15:18:24] цель ID=7bb923b ПРОМАХ
[15:19:33] цель ID=c6f701b тип=ББ_БР с координатами X=3282822 Y=4563164 движется со скоростью 8831.2312 м/с
[15:19:42] цель ID=c6f701b ПРОМАХ
[15:21:34] цель ID=be14adb тип=ББ_БР с координатами X=3070500 Y=2608375 движется со скоростью 9539.6843 м/с
[15:21:34] цель ID=468480b тип=ББ_БР с координатами X=2730600 Y=3444400 движется со скоростью 8421.4013 м/с
[15:21:46] цель ID=be14adb ПРОМАХ
[15:21:46] цель ID=468480b ПРОМАХ
[15:22:00] цель ID=468480b ПРОМАХ
[15:22:00] цель ID=be14adb ПРОМАХ
[15:22:14] цель ID=be14adb ПРОМАХ
[15:22:44] цель ID=9a111eb тип=ББ_БР с координатами X=2166818 Y=3759524 движется со скоростью 8809.0252 м/с
[15:22:58] цель ID=9a111eb ПРОМАХ
[15:24:00] цель ID=91839ab тип=ББ_БР с координатами X=3987338 Y=4197653 движется со скоростью 9850.5084 м/с
[15:24:00] боекомлект пуст
[15:24:02] боекомлект пополнен на 10 ракет
[15:24:16] цель ID=91839ab ПРОМАХ
[15:27:27] цель ID=6228fab тип=ББ_БР с координатами X=2695978 Y=2682858 движется со скоростью 8688.7132 м/с
[15:27:39] цель ID=6228fab ПРОМАХ
[15:27:56] цель ID=6228fab ПРОМАХ
[15:28:54] цель ID=17306fb тип=ББ_БР с координатами X=1948660 Y=4093996 движется со скоростью 9787.7961 м/с
[15:29:05] цель ID=17306fb ПРОМАХ
[15:31:15] цель ID=d0db34b тип=ББ_БР с координатами X=4145556 Y=3255120 движется со скоростью 8132.9967 м/с
[15:31:29] цель ID=d0db34b ПРОМАХ
[15:31:42] цель ID=6f5906b тип=ББ_БР с координатами X=3523975 Y=2679764 движется со скоростью 8335.5408 м/с
[15:31:56] цель ID=6f5906b ПРОМАХ
[15:32:12] цель ID=6f5906b ПРОМАХ
[16:52:59] цель ID=576db2b тип=ББ_БР с координатами X=2996794 Y=4907977 движется со скоростью 8458.4800 м/с
[16:53:14] цель ID=576db2b ПРОМАХ
[16:54:52] цель ID=cd040db тип=ББ_БР с координатами X=2263539 Y=3833702 движется со скоростью 8041.8856 м/с
[16:55:08] цель ID=cd040db ПРОМАХ
[16:55:37] цель ID=cd040db ПРОМАХ
[16:55:43] цель ID=dc15f6b тип=ББ_БР с координатами X=2894093 Y=4029160 движется со скоростью 8720.0551 м/с
[16:55:43] боекомлект пуст
[16:55:45] боекомлект пополнен на 10 ракет
[16:56:08] цель ID=cd040db ПРОМАХ
[16:56:08] цель ID=dc15f6b ПРОМАХ
[16:56:30] цель ID=dc15f6b СБИТА
[17:00:41] цель ID=a8177bb тип=ББ_БР с координатами X=4065790 Y=4488970 движется со скоростью 8771.6161 м/с
[17:00:57] цель ID=4d408db тип=ББ_БР с координатами X=2896480 Y=3086484 движется со скоростью 8253.5238 м/с
[17:01:00] цель ID=a8177bb СБИТА
[17:01:07] цель ID=1afb3cb тип=ББ_БР с координатами X=1982018 Y=4201518 движется со скоростью 8211.3751 м/с
[17:01:16] цель ID=4d408db ПРОМАХ
[17:01:24] цель ID=1afb3cb ПРОМАХ
[17:01:41] цель ID=4d408db ПРОМАХ
[17:05:24] цель ID=710df6b тип=ББ_БР с координатами X=3148728 Y=2630435 движется со скоростью 8205.6590 м/с
[17:05:40] цель ID=710df6b ПРОМАХ
[17:06:02] цель ID=710df6b ПРОМАХ
[17:09:37] цель ID=fceb19b тип=ББ_БР с координатами X=4062102 Y=4486845 движется со скоростью 9162.6361 м/с
[17:09:57] цель ID=fceb19b СБИТА
[17:10:00] цель ID=2b278db тип=ББ_БР с координатами X=3509668 Y=3486679 движется со скоростью 8180.6225 м/с
[17:10:00] боекомлект пуст
[17:10:06] боекомлект пополнен на 10 ракет
[17:10:31] цель ID=2b278db ПРОМАХ
[17:11:59] цель ID=1a17cab тип=ББ_БР с координатами X=2060797 Y=4245713 движется со скоростью 8204.4852 м/с
[17:12:21] цель ID=1a17cab ПРОМАХ
[17:12:28] цель ID=1fa103b тип=ББ_БР с координатами X=3362007 Y=4077969 движется со скоростью 9697.5197 м/с
[17:12:52] цель ID=1fa103b СБИТА
[17:13:24] цель ID=1f50a9b тип=ББ_БР с координатами X=1914604 Y=3674472 движется со скоростью 8361.6819 м/с
[17:13:47] цель ID=1f50a9b ПРОМАХ
[17:14:35] цель ID=b9d9ddb тип=ББ_БР с координатами X=3838665 Y=2893865 движется со скоростью 8521.9060 м/с
[17:14:59] цель ID=b9d9ddb ПРОМАХ
[17:15:31] цель ID=b9d9ddb ПРОМАХ
[17:15:59] цель ID=b9d9ddb ПРОМАХ
[17:16:29] цель ID=b9d9ddb ПРОМАХ
[17:17:29] цель ID=b410a8b тип=ББ_БР с координатами X=3383100 Y=3717165 движется со скоростью 8830.6222 м/с
[17:17:50] цель ID=b410a8b ПРОМАХ
[17:20:07] цель ID=09d9c2b тип=ББ_БР с координатами X=2940760 Y=4933300 движется со скоростью 9517.7518 м/с
[17:20:27] цель ID=09d9c2b ПРОМАХ
[17:20:34] цель ID=fddcabb тип=ББ_БР с координатами X=3400210 Y=2670892 движется со скоростью 8768.7492 м/с
[17:20:34] боекомлект пуст
[17:20:37] боекомлект пополнен на 10 ракет
[17:21:06] цель ID=fddcabb ПРОМАХ
[17:22:30] цель ID=e2b260b тип=ББ_БР с координатами X=3639220 Y=3955125 движется со скоростью 8525.6179 м/с
[17:22:55] цель ID=e2b260b ПРОМАХ
[17:23:23] цель ID=e2b260b СБИТА
[17:24:54] цель ID=fa0b1cb тип=ББ_БР с координатами X=3930615 Y=4656786 движется со скоростью 9110.7157 м/с
[17:25:15] цель ID=15ea4cb тип=ББ_БР с координатами X=3403632 Y=2670652 движется со скоростью 8752.6162 м/с
[17:25:17] цель ID=fa0b1cb ПРОМАХ
[17:25:40] цель ID=15ea4cb ПРОМАХ
[17:26:13] цель ID=15ea4cb СБИТА
[17:26:33] цель ID=7be684b тип=ББ_БР с координатами X=2723495 Y=4930924 движется со скоростью 8711.9849 м/с
[17:26:59] цель ID=7be684b ПРОМАХ
[17:27:42] цель ID=13bfaab тип=ББ_БР с координатами X=2141000 Y=4490600 движется со скоростью 9844.3193 м/с
[17:28:07] цель ID=13bfaab ПРОМАХ
[17:28:28] цель ID=2fb525b тип=ББ_БР с координатами X=2978085 Y=4155005 движется со скоростью 9487.6366 м/с
[17:28:52] цель ID=2fb525b ПРОМАХ
[21:13:54] цель ID=5ce8bdb тип=ББ_БР с координатами X=4134125 Y=3235750 движется со скоростью 9771.7923 м/с
[21:14:22] цель ID=5ce8bdb ПРОМАХ
[21:14:28] боекомлект пуст
[21:14:34] боекомлект пополнен на 10 ракет
[21:15:11] цель ID=5ce8bdb СБИТА
[21:16:58] цель ID=6e5e41b тип=ББ_БР с координатами X=1950954 Y=4143702 движется со скоростью 9039.7992 м/с
[21:16:58] СЛОМАЛАСЬ
[21:17:03] РАБОТОСПОСОБНОСТЬ ВОССТАНОВЛЕНА
[21:17:35] СЛОМАЛАСЬ
[21:17:37] цель ID=6e5e41b СБИТА
[21:17:37] РАБОТОСПОСОБНОСТЬ ВОССТАНОВЛЕНА
[21:53:27] СЛОМАЛАСЬ
[21:53:28] РАБОТОСПОСОБНОСТЬ ВОССТАНОВЛЕНА
